<?xml version="1.0" encoding="UTF-8"?>
<!-- Generated by org.testng.reporters.JUnitReportReporter -->
<testsuite hostname="Andrey" name="org.bitbucket.automation.CrateProjectTest" tests="1" failures="0" timestamp="22 May 2016 19:22:53 GMT" time="7.128" errors="0">
  <testcase name="testCreateNewProject" time="7.128" classname="org.bitbucket.automation.CrateProjectTest"/>
</testsuite> <!-- org.bitbucket.automation.CrateProjectTest -->
