<?xml version="1.0" encoding="UTF-8"?>
<!-- Generated by org.testng.reporters.JUnitReportReporter -->
<testsuite hostname="Andrey" name="org.bitbucket.automation.LoginPageTest" tests="1" failures="0" timestamp="22 May 2016 19:22:53 GMT" time="17.157" errors="0">
  <testcase name="testLogin" time="17.157" classname="org.bitbucket.automation.LoginPageTest"/>
</testsuite> <!-- org.bitbucket.automation.LoginPageTest -->
