<?xml version="1.0" encoding="UTF-8"?>
<!-- Generated by org.testng.reporters.JUnitReportReporter -->
<testsuite hostname="Andrey" name="org.bitbucket.automation.CreateRepoTest" tests="2" failures="0" timestamp="22 May 2016 19:22:53 GMT" time="21.435" errors="0">
  <testcase name="testCreteRepo_withSettings" time="14.555" classname="org.bitbucket.automation.CreateRepoTest"/>
  <testcase name="testCreteRepo_withoutSettings" time="6.880" classname="org.bitbucket.automation.CreateRepoTest"/>
</testsuite> <!-- org.bitbucket.automation.CreateRepoTest -->
