<?xml version="1.0" encoding="UTF-8"?>
<!-- Generated by org.testng.reporters.JUnitReportReporter -->
<testsuite hostname="Andrey" name="org.bitbucket.automation.CreateTeamTest" tests="1" failures="0" timestamp="22 May 2016 19:22:53 GMT" time="16.277" errors="0">
  <testcase name="testCreateNewTeam" time="16.277" classname="org.bitbucket.automation.CreateTeamTest"/>
</testsuite> <!-- org.bitbucket.automation.CreateTeamTest -->
