<?xml version="1.0" encoding="UTF-8"?>
<!-- Generated by org.testng.reporters.JUnitReportReporter -->
<testsuite hostname="Andrey" name="org.bitbucket.automation.OverviewPageTest" tests="1" failures="0" timestamp="22 May 2016 19:22:53 GMT" time="6.096" errors="0">
  <testcase name="testCreateRepository_AcrossMenu" time="6.096" classname="org.bitbucket.automation.OverviewPageTest"/>
</testsuite> <!-- org.bitbucket.automation.OverviewPageTest -->
